<?xml version="1.0" encoding="UTF-8"?>
<!-- Generated by org.testng.reporters.JUnitReportReporter -->
<testsuite hostname="qsp-oar4-PC" name="com.actitime.testscripts.USerTest" tests="2" failures="0" timestamp="28 Feb 2019 04:10:12 GMT" time="0.008" errors="0">
  <testcase name="createUSerTest" time="0.008" classname="com.actitime.testscripts.USerTest"/>
  <testcase name="modifyUSerTest" time="0.000" classname="com.actitime.testscripts.USerTest"/>
</testsuite> <!-- com.actitime.testscripts.USerTest -->
