<?xml version="1.0" encoding="UTF-8"?>
<!-- Generated by org.testng.reporters.JUnitReportReporter -->
<testsuite hostname="qsp-oar4-PC" name="com.acttime.usertest.CustomerTest" tests="3" failures="0" timestamp="28 Feb 2019 04:17:48 GMT" time="0.001" errors="0">
  <testcase name="createCstomerTest" time="0.000" classname="com.acttime.usertest.CustomerTest"/>
  <testcase name="modifyCstomerTest" time="0.001" classname="com.acttime.usertest.CustomerTest"/>
  <testcase name="deleteCstomerTest" time="0.000" classname="com.acttime.usertest.CustomerTest"/>
</testsuite> <!-- com.acttime.usertest.CustomerTest -->
