<?xml version="1.0" encoding="UTF-8"?>
<!-- Generated by org.testng.reporters.JUnitReportReporter -->
<testsuite hostname="qsp-oar4-PC" name="com.actitime.datadriven.framework.Sample" tests="5" failures="0" timestamp="28 Feb 2019 13:23:13 GMT" time="0.008" errors="0">
  <testcase name="creatCustomer" time="0.000" classname="com.actitime.datadriven.framework.Sample"/>
  <testcase name="creatCustomer" time="0.000" classname="com.actitime.datadriven.framework.Sample"/>
  <testcase name="creatCustomer" time="0.000" classname="com.actitime.datadriven.framework.Sample"/>
  <testcase name="creatCustomer" time="0.001" classname="com.actitime.datadriven.framework.Sample"/>
  <testcase name="creatCustomer" time="0.007" classname="com.actitime.datadriven.framework.Sample"/>
</testsuite> <!-- com.actitime.datadriven.framework.Sample -->
