<?xml version="1.0" encoding="UTF-8"?>
<!-- Generated by org.testng.reporters.JUnitReportReporter -->
<testsuite hostname="qsp-oar4-PC" name="com.acttime.usertest.ReportTest" tests="3" failures="0" timestamp="28 Feb 2019 04:12:45 GMT" time="0.010" errors="0">
  <testcase name="modifyCustomerTest" time="0.000" classname="com.acttime.usertest.ReportTest"/>
  <testcase name="createCustomerTest" time="0.009" classname="com.acttime.usertest.ReportTest"/>
  <testcase name="deleteCustomerTest" time="0.001" classname="com.acttime.usertest.ReportTest"/>
</testsuite> <!-- com.acttime.usertest.ReportTest -->
