<?xml version="1.0" encoding="UTF-8"?>
<!-- Generated by org.testng.reporters.JUnitXMLReporter -->
<testsuite hostname="qsp-oar4-PC" name="Test-Runner-2" tests="1" failures="0" timestamp="4 Mar 2019 03:30:54 GMT" time="64.651" errors="0">
  <testcase name="createCstomerTest" time="50.434" classname="com.acttime.customertest.CustomerTest"/>
</testsuite> <!-- Test-Runner-2 -->
