<?xml version="1.0" encoding="UTF-8"?>
<!-- Generated by org.testng.reporters.JUnitXMLReporter -->
<testsuite hostname="qsp-oar4-PC" name="Test-Runner-chrome" tests="1" failures="0" timestamp="4 Mar 2019 03:33:37 GMT" time="45.337" errors="0">
  <testcase name="createCstomerTest" time="41.636" classname="com.acttime.customertest.CustomerTest"/>
</testsuite> <!-- Test-Runner-chrome -->
