<?xml version="1.0" encoding="UTF-8"?>
<!-- Generated by org.testng.reporters.JUnitXMLReporter -->
<testsuite hostname="qsp-oar4-PC" name="Test-Runner-firefox" tests="1" failures="0" timestamp="4 Mar 2019 03:33:12 GMT" time="20.481" errors="0">
  <testcase name="createCstomerTest" time="10.157" classname="com.acttime.customertest.CustomerTest"/>
</testsuite> <!-- Test-Runner-firefox -->
