<?xml version="1.0" encoding="UTF-8"?>
<!-- Generated by org.testng.reporters.JUnitXMLReporter -->
<testsuite hostname="qsp-oar4-PC" name="Test-Runner-1" tests="1" failures="0" timestamp="4 Mar 2019 03:30:27 GMT" time="37.512" errors="0">
  <testcase name="createCstomerTest" time="17.7" classname="com.acttime.customertest.CustomerTest"/>
</testsuite> <!-- Test-Runner-1 -->
